e:\c++\collisions\dxut\optional\bin\directxtk_2012\win32\debug\dxutopt.pch
e:\c++\collisions\dxut\optional\bin\directxtk_2012\win32\debug\dxutopt.pdb
e:\c++\collisions\dxut\optional\bin\directxtk_2012\win32\debug\dxutopt.idb
e:\c++\collisions\dxut\optional\bin\directxtk_2012\win32\debug\dxutres.obj
e:\c++\collisions\dxut\optional\bin\directxtk_2012\win32\debug\sdkmisc.obj
e:\c++\collisions\dxut\optional\bin\directxtk_2012\win32\debug\imeui.obj
e:\c++\collisions\dxut\optional\bin\directxtk_2012\win32\debug\dxutsettingsdlg.obj
e:\c++\collisions\dxut\optional\bin\directxtk_2012\win32\debug\dxutguiime.obj
e:\c++\collisions\dxut\optional\bin\directxtk_2012\win32\debug\dxutgui.obj
e:\c++\collisions\dxut\optional\bin\directxtk_2012\win32\debug\dxutcamera.obj
e:\c++\projet moteur\dxut\optional\bin\directxtk_2012\win32\debug\dxutopt.pch
e:\c++\projet moteur\dxut\optional\bin\directxtk_2012\win32\debug\dxutopt.pdb
e:\c++\projet moteur\dxut\optional\bin\directxtk_2012\win32\debug\dxutopt.idb
e:\c++\projet moteur\dxut\optional\bin\directxtk_2012\win32\debug\dxutres.obj
e:\c++\projet moteur\dxut\optional\bin\directxtk_2012\win32\debug\sdkmisc.obj
e:\c++\projet moteur\dxut\optional\bin\directxtk_2012\win32\debug\imeui.obj
e:\c++\projet moteur\dxut\optional\bin\directxtk_2012\win32\debug\dxutsettingsdlg.obj
e:\c++\projet moteur\dxut\optional\bin\directxtk_2012\win32\debug\dxutguiime.obj
e:\c++\projet moteur\dxut\optional\bin\directxtk_2012\win32\debug\dxutgui.obj
e:\c++\projet moteur\dxut\optional\bin\directxtk_2012\win32\debug\dxutcamera.obj
e:\c++\collisions\dxut\optional\bin\directxtk_2012\win32\debug\dxutopt.lib
e:\c++\projet moteur\dxut\optional\bin\directxtk_2012\win32\debug\dxutopt.lib
e:\c++\projet moteur\dxut\optional\bin\directxtk_2012\win32\debug\dxutopt.tlog\cl.command.1.tlog
e:\c++\projet moteur\dxut\optional\bin\directxtk_2012\win32\debug\dxutopt.tlog\cl.read.1.tlog
e:\c++\projet moteur\dxut\optional\bin\directxtk_2012\win32\debug\dxutopt.tlog\cl.write.1.tlog
e:\c++\projet moteur\dxut\optional\bin\directxtk_2012\win32\debug\dxutopt.tlog\lib-link.read.1.tlog
e:\c++\projet moteur\dxut\optional\bin\directxtk_2012\win32\debug\dxutopt.tlog\lib-link.write.1.tlog
e:\c++\projet moteur\dxut\optional\bin\directxtk_2012\win32\debug\dxutopt.tlog\lib.command.1.tlog
