e:\c++\collisions\directxtk\bin\desktop_2012\win32\debug\directxtk.pch
e:\c++\collisions\directxtk\bin\desktop_2012\win32\debug\directxtk.pdb
e:\c++\collisions\directxtk\bin\desktop_2012\win32\debug\directxtk.idb
e:\c++\collisions\directxtk\bin\desktop_2012\win32\debug\pch.obj
e:\c++\collisions\directxtk\bin\desktop_2012\win32\debug\commonstates.obj
e:\c++\collisions\directxtk\bin\desktop_2012\win32\debug\ddstextureloader.obj
e:\c++\collisions\directxtk\bin\desktop_2012\win32\debug\dgsleffect.obj
e:\c++\collisions\directxtk\bin\desktop_2012\win32\debug\dgsleffectfactory.obj
e:\c++\collisions\directxtk\bin\desktop_2012\win32\debug\dualtextureeffect.obj
e:\c++\collisions\directxtk\bin\desktop_2012\win32\debug\binaryreader.obj
e:\c++\collisions\directxtk\bin\desktop_2012\win32\debug\effectcommon.obj
e:\c++\collisions\directxtk\bin\desktop_2012\win32\debug\effectfactory.obj
e:\c++\collisions\directxtk\bin\desktop_2012\win32\debug\environmentmapeffect.obj
e:\c++\collisions\directxtk\bin\desktop_2012\win32\debug\geometricprimitive.obj
e:\c++\collisions\directxtk\bin\desktop_2012\win32\debug\model.obj
e:\c++\collisions\directxtk\bin\desktop_2012\win32\debug\modelloadcmo.obj
e:\c++\collisions\directxtk\bin\desktop_2012\win32\debug\modelloadsdkmesh.obj
e:\c++\collisions\directxtk\bin\desktop_2012\win32\debug\screengrab.obj
e:\c++\collisions\directxtk\bin\desktop_2012\win32\debug\skinnedeffect.obj
e:\c++\collisions\directxtk\bin\desktop_2012\win32\debug\spritebatch.obj
e:\c++\collisions\directxtk\bin\desktop_2012\win32\debug\primitivebatch.obj
e:\c++\collisions\directxtk\bin\desktop_2012\win32\debug\spritefont.obj
e:\c++\collisions\directxtk\bin\desktop_2012\win32\debug\vertextypes.obj
e:\c++\collisions\directxtk\bin\desktop_2012\win32\debug\wictextureloader.obj
e:\c++\collisions\directxtk\bin\desktop_2012\win32\debug\alphatesteffect.obj
e:\c++\collisions\directxtk\bin\desktop_2012\win32\debug\basiceffect.obj
e:\c++\projet moteur\directxtk\bin\desktop_2012\win32\debug\directxtk.pch
e:\c++\projet moteur\directxtk\bin\desktop_2012\win32\debug\directxtk.pdb
e:\c++\projet moteur\directxtk\bin\desktop_2012\win32\debug\directxtk.idb
e:\c++\projet moteur\directxtk\bin\desktop_2012\win32\debug\pch.obj
e:\c++\projet moteur\directxtk\bin\desktop_2012\win32\debug\commonstates.obj
e:\c++\projet moteur\directxtk\bin\desktop_2012\win32\debug\ddstextureloader.obj
e:\c++\projet moteur\directxtk\bin\desktop_2012\win32\debug\dgsleffect.obj
e:\c++\projet moteur\directxtk\bin\desktop_2012\win32\debug\dgsleffectfactory.obj
e:\c++\projet moteur\directxtk\bin\desktop_2012\win32\debug\dualtextureeffect.obj
e:\c++\projet moteur\directxtk\bin\desktop_2012\win32\debug\binaryreader.obj
e:\c++\projet moteur\directxtk\bin\desktop_2012\win32\debug\effectcommon.obj
e:\c++\projet moteur\directxtk\bin\desktop_2012\win32\debug\effectfactory.obj
e:\c++\projet moteur\directxtk\bin\desktop_2012\win32\debug\environmentmapeffect.obj
e:\c++\projet moteur\directxtk\bin\desktop_2012\win32\debug\geometricprimitive.obj
e:\c++\projet moteur\directxtk\bin\desktop_2012\win32\debug\model.obj
e:\c++\projet moteur\directxtk\bin\desktop_2012\win32\debug\modelloadcmo.obj
e:\c++\projet moteur\directxtk\bin\desktop_2012\win32\debug\modelloadsdkmesh.obj
e:\c++\projet moteur\directxtk\bin\desktop_2012\win32\debug\screengrab.obj
e:\c++\projet moteur\directxtk\bin\desktop_2012\win32\debug\skinnedeffect.obj
e:\c++\projet moteur\directxtk\bin\desktop_2012\win32\debug\spritebatch.obj
e:\c++\projet moteur\directxtk\bin\desktop_2012\win32\debug\primitivebatch.obj
e:\c++\projet moteur\directxtk\bin\desktop_2012\win32\debug\spritefont.obj
e:\c++\projet moteur\directxtk\bin\desktop_2012\win32\debug\vertextypes.obj
e:\c++\projet moteur\directxtk\bin\desktop_2012\win32\debug\wictextureloader.obj
e:\c++\projet moteur\directxtk\bin\desktop_2012\win32\debug\alphatesteffect.obj
e:\c++\projet moteur\directxtk\bin\desktop_2012\win32\debug\basiceffect.obj
e:\c++\collisions\directxtk\bin\desktop_2012\win32\debug\directxtk.lib
e:\c++\projet moteur\directxtk\bin\desktop_2012\win32\debug\directxtk.lib
e:\c++\projet moteur\directxtk\bin\desktop_2012\win32\debug\directxt.e0b52ae7.tlog\cl.command.1.tlog
e:\c++\projet moteur\directxtk\bin\desktop_2012\win32\debug\directxt.e0b52ae7.tlog\cl.read.1.tlog
e:\c++\projet moteur\directxtk\bin\desktop_2012\win32\debug\directxt.e0b52ae7.tlog\cl.write.1.tlog
e:\c++\projet moteur\directxtk\bin\desktop_2012\win32\debug\directxt.e0b52ae7.tlog\lib-link.read.1.tlog
e:\c++\projet moteur\directxtk\bin\desktop_2012\win32\debug\directxt.e0b52ae7.tlog\lib-link.write.1.tlog
e:\c++\projet moteur\directxtk\bin\desktop_2012\win32\debug\directxt.e0b52ae7.tlog\lib.command.1.tlog
