e:\c++\collisions\dxut\core\bin\directxtk_2012\win32\debug\dxut.pch
e:\c++\collisions\dxut\core\bin\directxtk_2012\win32\debug\dxut.pdb
e:\c++\collisions\dxut\core\bin\directxtk_2012\win32\debug\dxut.idb
e:\c++\collisions\dxut\core\bin\directxtk_2012\win32\debug\dxut.obj
e:\c++\collisions\dxut\core\bin\directxtk_2012\win32\debug\dxerr.obj
e:\c++\collisions\dxut\core\bin\directxtk_2012\win32\debug\dxutmisc.obj
e:\c++\collisions\dxut\core\bin\directxtk_2012\win32\debug\dxutdevice11.obj
e:\c++\projet moteur\dxut\core\bin\directxtk_2012\win32\debug\dxut.pch
e:\c++\projet moteur\dxut\core\bin\directxtk_2012\win32\debug\dxut.pdb
e:\c++\projet moteur\dxut\core\bin\directxtk_2012\win32\debug\dxut.idb
e:\c++\projet moteur\dxut\core\bin\directxtk_2012\win32\debug\dxut.obj
e:\c++\projet moteur\dxut\core\bin\directxtk_2012\win32\debug\dxerr.obj
e:\c++\projet moteur\dxut\core\bin\directxtk_2012\win32\debug\dxutdevice11.obj
e:\c++\projet moteur\dxut\core\bin\directxtk_2012\win32\debug\dxutmisc.obj
e:\c++\collisions\dxut\core\bin\directxtk_2012\win32\debug\dxut.lib
e:\c++\projet moteur\dxut\core\bin\directxtk_2012\win32\debug\dxut.lib
e:\c++\projet moteur\dxut\core\bin\directxtk_2012\win32\debug\dxut.tlog\cl.command.1.tlog
e:\c++\projet moteur\dxut\core\bin\directxtk_2012\win32\debug\dxut.tlog\cl.read.1.tlog
e:\c++\projet moteur\dxut\core\bin\directxtk_2012\win32\debug\dxut.tlog\cl.write.1.tlog
e:\c++\projet moteur\dxut\core\bin\directxtk_2012\win32\debug\dxut.tlog\lib-link.read.1.tlog
e:\c++\projet moteur\dxut\core\bin\directxtk_2012\win32\debug\dxut.tlog\lib-link.write.1.tlog
e:\c++\projet moteur\dxut\core\bin\directxtk_2012\win32\debug\dxut.tlog\lib.command.1.tlog
