e:\c++\projet moteur\projet moteur\debug\projet moteur.pch
e:\c++\projet moteur\projet moteur\debug\vc141.pdb
e:\c++\projet moteur\projet moteur\debug\vc141.idb
e:\c++\projet moteur\projet moteur\debug\pch.obj
e:\c++\projet moteur\projet moteur\debug\main.obj
e:\c++\projet moteur\projet moteur\debug\game.obj
e:\c++\projet moteur\debug\projet moteur.exe
e:\c++\projet moteur\debug\projet moteur.pdb
e:\c++\projet moteur\debug\projet moteur.lib
e:\c++\projet moteur\debug\projet moteur.exp
e:\c++\projet moteur\projet moteur\debug\resource.res
e:\c++\projet moteur\projet moteur\debug\projet moteur.exe.embed.manifest.res
e:\c++\projet moteur\projet moteur\debug\projet moteur.exe.embed.manifest
e:\c++\projet moteur\projet moteur\debug\projet moteur_manifest.rc
e:\c++\projet moteur\projet moteur\debug\projet moteur.tlog\cl.command.1.tlog
e:\c++\projet moteur\projet moteur\debug\projet moteur.tlog\cl.read.1.tlog
e:\c++\projet moteur\projet moteur\debug\projet moteur.tlog\cl.write.1.tlog
e:\c++\projet moteur\projet moteur\debug\projet moteur.tlog\link.command.1.tlog
e:\c++\projet moteur\projet moteur\debug\projet moteur.tlog\link.read.1.tlog
e:\c++\projet moteur\projet moteur\debug\projet moteur.tlog\link.write.1.tlog
e:\c++\projet moteur\projet moteur\debug\projet moteur.tlog\projet moteur.write.1u.tlog
e:\c++\projet moteur\projet moteur\debug\projet moteur.tlog\rc.command.1.tlog
e:\c++\projet moteur\projet moteur\debug\projet moteur.tlog\rc.read.1.tlog
e:\c++\projet moteur\projet moteur\debug\projet moteur.tlog\rc.write.1.tlog
